2026-02-11 22:39:54,129 [INFO] 🚀 模块化自适应交易系统已启动...
2026-02-11 22:39:54,187 [ERROR] 运行异常: 'latin-1' codec can't encode characters in position 0-3: ordinal not in range(256)
2026-02-11 22:40:04,249 [ERROR] 运行异常: 'latin-1' codec can't encode characters in position 0-3: ordinal not in range(256)
2026-02-11 22:40:14,324 [ERROR] 运行异常: 'latin-1' codec can't encode characters in position 0-3: ordinal not in range(256)
2026-02-11 22:42:11,413 [INFO] 🚀 模块化自适应交易系统已启动...
2026-02-11 22:42:11,474 [ERROR] 运行异常: 'latin-1' codec can't encode characters in position 0-3: ordinal not in range(256)
2026-02-11 22:42:21,537 [ERROR] 运行异常: 'latin-1' codec can't encode characters in position 0-3: ordinal not in range(256)
2026-02-11 22:42:31,598 [ERROR] 运行异常: 'latin-1' codec can't encode characters in position 0-3: ordinal not in range(256)
2026-02-11 22:42:41,657 [ERROR] 运行异常: 'latin-1' codec can't encode characters in position 0-3: ordinal not in range(256)
2026-02-11 22:42:51,722 [ERROR] 运行异常: 'latin-1' codec can't encode characters in position 0-3: ordinal not in range(256)
2026-02-11 22:48:37,298 [INFO] 🚀 模块化自适应交易系统已启动...
2026-02-11 22:48:37,358 [ERROR] 运行异常: 'latin-1' codec can't encode characters in position 0-3: ordinal not in range(256)
2026-02-11 22:48:47,425 [ERROR] 运行异常: 'latin-1' codec can't encode characters in position 0-3: ordinal not in range(256)
2026-02-11 22:48:57,486 [ERROR] 运行异常: 'latin-1' codec can't encode characters in position 0-3: ordinal not in range(256)
2026-02-11 22:49:07,559 [ERROR] 运行异常: 'latin-1' codec can't encode characters in position 0-3: ordinal not in range(256)
2026-02-11 22:49:17,617 [ERROR] 运行异常: 'latin-1' codec can't encode characters in position 0-3: ordinal not in range(256)
2026-02-11 22:49:27,679 [ERROR] 运行异常: 'latin-1' codec can't encode characters in position 0-3: ordinal not in range(256)
2026-02-11 22:49:37,798 [ERROR] 运行异常: 'latin-1' codec can't encode characters in position 0-3: ordinal not in range(256)
2026-02-11 22:49:47,870 [ERROR] 运行异常: 'latin-1' codec can't encode characters in position 0-3: ordinal not in range(256)
2026-02-11 22:49:57,928 [ERROR] 运行异常: 'latin-1' codec can't encode characters in position 0-3: ordinal not in range(256)
2026-02-11 22:50:07,990 [ERROR] 运行异常: 'latin-1' codec can't encode characters in position 0-3: ordinal not in range(256)
2026-02-11 22:54:17,971 [INFO] 🚀 模块化自适应交易系统已启动...
2026-02-11 22:54:18,037 [ERROR] 运行异常: 'latin-1' codec can't encode characters in position 0-3: ordinal not in range(256)
2026-02-11 22:56:23,858 [INFO] 🚀 模块化自适应交易系统已启动...
2026-02-11 22:56:23,922 [ERROR] 运行异常: 'latin-1' codec can't encode characters in position 0-3: ordinal not in range(256)
2026-02-11 23:04:47,693 [INFO] 🚀 模块化自适应交易系统已启动...
2026-02-11 23:04:47,761 [ERROR] 运行异常: 'latin-1' codec can't encode characters in position 0-3: ordinal not in range(256)
2026-02-11 23:06:08,830 [INFO] 🚀 模块化自适应交易系统已启动...
2026-02-11 23:06:08,893 [ERROR] 运行异常: 'latin-1' codec can't encode characters in position 0-3: ordinal not in range(256)
2026-02-11 23:06:18,960 [ERROR] 运行异常: 'latin-1' codec can't encode characters in position 0-3: ordinal not in range(256)
2026-02-11 23:06:29,025 [ERROR] 运行异常: 'latin-1' codec can't encode characters in position 0-3: ordinal not in range(256)
2026-02-11 23:06:39,087 [ERROR] 运行异常: 'latin-1' codec can't encode characters in position 0-3: ordinal not in range(256)
2026-02-11 23:10:38,339 [INFO] 🚀 模块化自适应交易系统已启动...
2026-02-11 23:10:38,400 [ERROR] 运行异常: 'latin-1' codec can't encode characters in position 0-3: ordinal not in range(256)
2026-02-11 23:12:12,326 [INFO] 🚀 模块化自适应交易系统已启动...
2026-02-11 23:12:12,392 [ERROR] 运行异常: 'latin-1' codec can't encode characters in position 0-3: ordinal not in range(256)
2026-02-11 23:12:52,910 [INFO] 🚀 模块化自适应交易系统已启动...
2026-02-11 23:12:52,980 [ERROR] 运行异常: 'latin-1' codec can't encode characters in position 0-3: ordinal not in range(256)
2026-02-11 23:13:34,273 [INFO] 🚀 模块化自适应交易系统已启动...
2026-02-11 23:13:34,333 [ERROR] 运行异常: 'latin-1' codec can't encode characters in position 0-3: ordinal not in range(256)
2026-02-11 23:13:44,495 [ERROR] 运行异常: 'latin-1' codec can't encode characters in position 0-3: ordinal not in range(256)
2026-02-11 23:14:23,288 [INFO] 🚀 模块化自适应交易系统已启动...
2026-02-11 23:14:23,288 [INFO] 1111
2026-02-11 23:14:23,348 [ERROR] 运行异常: 'latin-1' codec can't encode characters in position 0-3: ordinal not in range(256)
2026-02-11 23:15:21,214 [INFO] 🚀 模块化自适应交易系统已启动...
2026-02-11 23:15:21,214 [INFO] 1111
2026-02-11 23:15:21,214 [INFO] 222
2026-02-11 23:15:21,273 [ERROR] 运行异常: 'latin-1' codec can't encode characters in position 0-3: ordinal not in range(256)
2026-02-11 23:16:16,311 [INFO] 🚀 模块化自适应交易系统已启动...
2026-02-11 23:16:16,312 [INFO] 1111
2026-02-11 23:16:16,312 [INFO] 222
2026-02-11 23:16:16,369 [ERROR] 运行异常: 'latin-1' codec can't encode characters in position 0-3: ordinal not in range(256)
2026-02-11 23:16:23,359 [INFO] 🚀 模块化自适应交易系统已启动...
2026-02-11 23:16:23,361 [INFO] 1111
2026-02-11 23:16:23,362 [INFO] 222
2026-02-11 23:16:23,427 [ERROR] 运行异常: 'latin-1' codec can't encode characters in position 0-3: ordinal not in range(256)
2026-02-11 23:16:33,428 [INFO] 1111
2026-02-11 23:16:33,429 [INFO] 222
2026-02-11 23:16:33,517 [ERROR] 运行异常: 'latin-1' codec can't encode characters in position 0-3: ordinal not in range(256)
2026-02-11 23:19:59,978 [INFO] 🚀 模块化自适应交易系统已启动...
2026-02-11 23:19:59,979 [INFO] 1111
2026-02-11 23:19:59,979 [INFO] 222
2026-02-11 23:20:00,038 [ERROR] 运行异常: 'latin-1' codec can't encode characters in position 0-3: ordinal not in range(256)
2026-02-11 23:22:14,302 [INFO] 🚀 模块化自适应交易系统已启动...
2026-02-11 23:22:14,303 [INFO] 1111
2026-02-11 23:22:14,304 [INFO] 222
2026-02-11 23:22:14,304 [INFO] 555
2026-02-11 23:22:14,365 [ERROR] 运行异常: 'latin-1' codec can't encode characters in position 0-3: ordinal not in range(256)
2026-02-11 23:30:15,674 [INFO] 🚀 模块化自适应交易系统已启动...
2026-02-11 23:30:15,675 [INFO] 1111
2026-02-11 23:30:15,675 [INFO] 222
2026-02-11 23:30:15,675 [INFO] 555
2026-02-11 23:30:15,735 [ERROR] 运行异常: 'latin-1' codec can't encode characters in position 0-3: ordinal not in range(256)
2026-02-11 23:33:20,860 [INFO] 🚀 模块化自适应交易系统已启动...
2026-02-11 23:33:20,861 [INFO] 1111
2026-02-11 23:33:20,861 [INFO] 222
2026-02-11 23:33:20,861 [INFO] 555
2026-02-11 23:33:20,920 [ERROR] 获取 BTC/USDT 数据时发生异常: 'latin-1' codec can't encode characters in position 0-3: ordinal not in range(256)
2026-02-11 23:33:20,921 [INFO] 333
2026-02-11 23:33:20,922 [ERROR] 运行异常: 'high'
2026-02-11 23:33:30,922 [INFO] 1111
2026-02-11 23:33:30,923 [INFO] 222
2026-02-11 23:33:30,923 [INFO] 555
2026-02-11 23:33:31,005 [ERROR] 获取 BTC/USDT 数据时发生异常: 'latin-1' codec can't encode characters in position 0-3: ordinal not in range(256)
2026-02-11 23:33:31,007 [INFO] 333
2026-02-11 23:33:31,007 [ERROR] 运行异常: 'high'
2026-02-11 23:34:26,480 [INFO] 🚀 模块化自适应交易系统已启动...
2026-02-11 23:34:26,481 [INFO] 1111
2026-02-11 23:34:26,481 [INFO] 222
2026-02-11 23:34:26,481 [INFO] 555
2026-02-11 23:34:26,566 [ERROR] 获取 BTC/USDT 数据时发生异常: 'latin-1' codec can't encode characters in position 0-3: ordinal not in range(256)
2026-02-11 23:34:26,568 [INFO] 333
2026-02-11 23:34:26,568 [ERROR] 运行异常: 'high'
2026-02-11 23:34:35,055 [INFO] 🚀 模块化自适应交易系统已启动...
2026-02-11 23:34:35,055 [INFO] 1111
2026-02-11 23:34:35,055 [INFO] 222
2026-02-11 23:34:35,055 [INFO] 555
2026-02-11 23:34:35,113 [ERROR] 获取 BTC/USDT 数据时发生异常: 'latin-1' codec can't encode characters in position 0-3: ordinal not in range(256)
2026-02-11 23:34:35,115 [INFO] 333
2026-02-11 23:34:35,115 [ERROR] 运行异常: 'high'
2026-02-11 23:39:04,038 [INFO] 🚀 模块化自适应交易系统已启动...
2026-02-11 23:39:04,039 [INFO] 1111
2026-02-11 23:39:04,039 [INFO] 222
2026-02-11 23:39:04,039 [INFO] 555
2026-02-11 23:39:04,102 [ERROR] 获取 BTC/USDT 数据时发生异常: 'latin-1' codec can't encode characters in position 0-3: ordinal not in range(256)
2026-02-11 23:39:04,103 [INFO] 333
2026-02-11 23:39:04,103 [ERROR] 运行异常: 'high'
2026-02-11 23:39:14,104 [INFO] 1111
2026-02-11 23:39:14,104 [INFO] 222
2026-02-11 23:39:14,104 [INFO] 555
2026-02-11 23:39:14,159 [ERROR] 获取 BTC/USDT 数据时发生异常: 'latin-1' codec can't encode characters in position 0-3: ordinal not in range(256)
2026-02-11 23:39:14,160 [INFO] 333
2026-02-11 23:39:14,161 [ERROR] 运行异常: 'high'
2026-02-12 09:59:11,192 [INFO] 🚀 模块化自适应交易系统已启动...
2026-02-12 09:59:11,192 [INFO] 1111
2026-02-12 09:59:11,193 [INFO] 222
2026-02-12 09:59:11,193 [INFO] 555
2026-02-12 09:59:11,360 [ERROR] 获取 BTC/USDT 数据时发生异常: binance {"code":-1022,"msg":"Signature for this request is not valid."}
2026-02-12 09:59:11,361 [INFO] 333
2026-02-12 09:59:11,362 [ERROR] 运行异常: 'high'
2026-02-12 09:59:21,362 [INFO] 1111
2026-02-12 09:59:21,362 [INFO] 222
2026-02-12 09:59:21,362 [INFO] 555
2026-02-12 09:59:21,454 [ERROR] 获取 BTC/USDT 数据时发生异常: binance {"code":-1022,"msg":"Signature for this request is not valid."}
2026-02-12 09:59:21,455 [INFO] 333
2026-02-12 09:59:21,455 [ERROR] 运行异常: 'high'
2026-02-12 10:13:09,618 [INFO] 🚀 模块化自适应交易系统已启动...
2026-02-12 10:13:09,619 [INFO] 1111
2026-02-12 10:13:09,619 [INFO] 222
2026-02-12 10:13:09,619 [INFO] 555
2026-02-12 10:13:09,767 [ERROR] 获取 BTC/USDT 数据时发生异常: binance {"code":-2008,"msg":"Invalid Api-Key ID."}
2026-02-12 10:13:09,768 [INFO] 333
2026-02-12 10:13:09,768 [ERROR] 运行异常: 'high'
2026-02-12 10:15:52,501 [INFO] 🚀 模块化自适应交易系统已启动...
2026-02-12 10:15:52,501 [INFO] 1111
2026-02-12 10:15:52,501 [INFO] 222
2026-02-12 10:15:52,501 [INFO] 555
2026-02-12 10:15:52,651 [ERROR] 获取 BTC/USDT 数据时发生异常: binance {"code":-1022,"msg":"Signature for this request is not valid."}
2026-02-12 10:15:52,652 [INFO] 333
2026-02-12 10:15:52,652 [ERROR] 运行异常: 'high'
2026-02-12 10:16:02,653 [INFO] 1111
2026-02-12 10:16:02,653 [INFO] 222
2026-02-12 10:16:02,653 [INFO] 555
2026-02-12 10:16:02,740 [ERROR] 获取 BTC/USDT 数据时发生异常: binance {"code":-1022,"msg":"Signature for this request is not valid."}
2026-02-12 10:16:02,740 [INFO] 333
2026-02-12 10:16:02,741 [ERROR] 运行异常: 'high'
2026-02-12 10:21:46,248 [INFO] 🚀 模块化自适应交易系统已启动...
2026-02-12 10:21:46,248 [INFO] 1111
2026-02-12 10:21:46,248 [INFO] 222
2026-02-12 10:21:46,248 [INFO] 555
2026-02-12 10:21:46,399 [ERROR] 获取 BTC/USDT 数据时发生异常: binance {"code":-1022,"msg":"Signature for this request is not valid."}
2026-02-12 10:21:46,400 [INFO] 333
2026-02-12 10:21:46,400 [ERROR] 运行异常: 'high'
2026-02-12 10:33:31,901 [INFO] 🚀 模块化自适应交易系统已启动...
2026-02-12 10:33:31,901 [INFO] 1111
2026-02-12 10:33:31,902 [INFO] 222
2026-02-12 10:33:31,902 [INFO] 555
2026-02-12 10:33:31,902 [ERROR] 获取 BTC/USDT 数据时发生异常: Unable to load PEM file. See https://cryptography.io/en/latest/faq/#why-can-t-i-import-my-pem-file for more details. MalformedFraming
2026-02-12 10:33:31,903 [INFO] 333
2026-02-12 10:33:31,903 [ERROR] 运行异常: 'high'
2026-02-12 10:42:37,312 [INFO] 🚀 模块化自适应交易系统已启动...
2026-02-12 10:42:37,312 [INFO] 1111
2026-02-12 10:42:37,312 [INFO] 222
2026-02-12 10:42:37,313 [INFO] 555
2026-02-12 10:42:39,718 [WARNING] ⚠️ [测试中] 已为 BTC/USDT 注入模拟暴跌信号...
2026-02-12 10:42:39,719 [INFO] 333
2026-02-12 10:42:39,721 [ERROR] 11111
2026-02-12 10:42:39,721 [INFO] 444
2026-02-12 10:42:39,721 [INFO] 222
2026-02-12 10:42:39,721 [INFO] 555
2026-02-12 10:42:39,797 [INFO] 333
2026-02-12 10:42:39,798 [INFO] 444
2026-02-12 10:42:39,799 [INFO] 222
2026-02-12 10:42:39,799 [INFO] 555
2026-02-12 10:42:39,876 [INFO] 333
2026-02-12 10:42:39,877 [INFO] 444
2026-02-12 10:46:22,137 [INFO] 🚀 模块化自适应交易系统已启动...
2026-02-12 10:46:24,621 [WARNING] ⚠️ [测试中] 已为 BTC/USDT 注入模拟暴跌信号...
2026-02-12 10:46:24,622 [ERROR] 11111
2026-02-12 10:46:24,622 [ERROR]  发生异常暴跌 (-10.00%)！启动熔断保护。
2026-02-12 11:10:28,637 [INFO] 🚀 模块化自适应交易系统已启动...
2026-02-12 11:10:31,355 [WARNING] ⚠️ [测试中] 已为 BTC/USDT 注入模拟暴跌信号...
2026-02-12 11:10:31,357 [ERROR]  发生异常暴跌 (-10.00%)！启动熔断保护。
2026-02-12 11:13:50,592 [INFO] 🚀 模块化自适应交易系统已启动...
2026-02-12 11:13:53,500 [WARNING] ⚠️ [测试中] 已为 BTC/USDT 注入模拟暴跌信号...
2026-02-12 11:13:53,501 [ERROR]  发生异常暴跌 (-10.00%)！启动熔断保护。
2026-02-12 11:14:53,820 [WARNING] ⚠️ [测试中] 已为 BTC/USDT 注入模拟暴跌信号...
2026-02-12 11:14:53,820 [ERROR]  发生异常暴跌 (-10.00%)！启动熔断保护。
2026-02-12 11:19:18,389 [INFO] 🚀 模块化自适应交易系统已启动...
2026-02-12 11:19:20,844 [WARNING] ⚠️ [测试中] 已为 BTC/USDT 注入模拟暴跌信号...
2026-02-12 11:19:20,845 [ERROR]  发生异常暴跌 (-10.00%)！启动熔断保护。
2026-02-12 11:25:42,741 [INFO] 🚀 模块化自适应交易系统已启动...
2026-02-12 11:25:42,742 [INFO] 正在尝试连接 Gmail SMTP...
2026-02-12 11:25:45,807 [INFO] 📧 Gmail 通知成功: 机器人上线
2026-02-12 11:25:48,241 [WARNING] ⚠️ [测试中] 已为 BTC/USDT 注入模拟暴跌信号...
2026-02-12 11:25:48,242 [ERROR]  发生异常暴跌 (-10.00%)！启动熔断保护。
2026-02-12 11:25:48,243 [INFO] 正在尝试连接 Gmail SMTP...
2026-02-12 11:25:51,155 [INFO] 📧 Gmail 通知成功: 🚨 紧急熔断: BTC/USDT
2026-02-12 11:25:51,235 [INFO] 正在尝试连接 Gmail SMTP...
2026-02-12 11:25:54,141 [INFO] 📧 Gmail 通知成功: 🚨 紧急熔断: ETH/USDT
2026-02-12 11:25:54,224 [INFO] 正在尝试连接 Gmail SMTP...
2026-02-12 11:25:57,396 [INFO] 📧 Gmail 通知成功: 🚨 紧急熔断: SOL/USDT
2026-02-12 11:27:14,358 [INFO] 🚀 模块化自适应交易系统已启动...
2026-02-12 11:27:20,544 [WARNING] ⚠️ [测试中] 已为 BTC/USDT 注入模拟暴跌信号...
2026-02-12 11:27:20,545 [ERROR]  发生异常暴跌 (-10.00%)！启动熔断保护。
2026-02-12 12:47:47,813 [INFO] 🚀 模块化自适应交易系统已启动...
2026-02-12 12:47:53,579 [WARNING] ⚠️ [测试中] 已为 BTC/USDT 注入模拟暴跌信号...
2026-02-12 12:47:53,581 [ERROR]  发生异常暴跌 (-10.00%)！启动熔断保护。
2026-02-12 12:49:01,855 [WARNING] ⚠️ [测试中] 已为 BTC/USDT 注入模拟暴跌信号...
2026-02-12 12:49:01,856 [ERROR]  发生异常暴跌 (-10.00%)！启动熔断保护。
2026-02-12 12:54:53,539 [INFO] 🚀 模块化自适应交易系统已启动...
2026-02-12 12:54:59,162 [ERROR] 运行异常: cannot access local variable 'signal' where it is not associated with a value
2026-02-12 12:55:09,327 [ERROR] 运行异常: cannot access local variable 'signal' where it is not associated with a value
2026-02-12 12:57:57,796 [INFO] 🚀 模块化自适应交易系统已启动...
2026-02-12 12:58:03,438 [INFO] 🔍 [BTC/USDT] 当前 ADX: 23.18 | 设定阈值: 99 | 判定模式: 震荡
2026-02-12 12:58:03,523 [INFO] 🔍 [ETH/USDT] 当前 ADX: 19.15 | 设定阈值: 25 | 判定模式: 震荡
2026-02-12 12:58:03,608 [INFO] 🔍 [SOL/USDT] 当前 ADX: 16.08 | 设定阈值: 1 | 判定模式: 趋势
2026-02-12 12:58:03,610 [INFO] ✅  [买入信号] SOL/USDT | 模式: TREND_UP(ADX:16.1>1) | 价格: 80.4
2026-02-12 12:58:03,610 [ERROR] 运行异常: module 'config' has no attribute 'TRADE_AMOUNT_USDT'
2026-02-12 12:58:13,778 [INFO] 🔍 [BTC/USDT] 当前 ADX: 23.18 | 设定阈值: 99 | 判定模式: 震荡
2026-02-12 12:58:13,864 [INFO] 🔍 [ETH/USDT] 当前 ADX: 19.15 | 设定阈值: 25 | 判定模式: 震荡
2026-02-12 12:58:13,949 [INFO] 🔍 [SOL/USDT] 当前 ADX: 16.08 | 设定阈值: 1 | 判定模式: 趋势
2026-02-12 12:58:13,950 [INFO] ✅  [买入信号] SOL/USDT | 模式: TREND_UP(ADX:16.1>1) | 价格: 80.39
2026-02-12 12:58:13,950 [ERROR] 运行异常: module 'config' has no attribute 'TRADE_AMOUNT_USDT'
2026-02-12 12:58:24,119 [INFO] 🔍 [BTC/USDT] 当前 ADX: 23.18 | 设定阈值: 99 | 判定模式: 震荡
2026-02-12 12:58:24,202 [INFO] 🔍 [ETH/USDT] 当前 ADX: 19.15 | 设定阈值: 25 | 判定模式: 震荡
2026-02-12 12:58:24,288 [INFO] 🔍 [SOL/USDT] 当前 ADX: 16.08 | 设定阈值: 1 | 判定模式: 趋势
2026-02-12 12:58:24,289 [INFO] ✅  [买入信号] SOL/USDT | 模式: TREND_UP(ADX:16.1>1) | 价格: 80.39
2026-02-12 12:58:24,289 [ERROR] 运行异常: module 'config' has no attribute 'TRADE_AMOUNT_USDT'
2026-02-12 21:32:16,255 [INFO] 🚀 模块化自适应交易系统已启动...
2026-02-12 21:32:21,337 [INFO] 🔍 [BTC/USDT] 当前 ADX: 17.64 | 设定阈值: 99 | 判定模式: 震荡
2026-02-12 21:32:21,425 [INFO] 🔍 [ETH/USDT] 当前 ADX: 18.15 | 设定阈值: 25 | 判定模式: 震荡
2026-02-12 21:32:21,508 [INFO] 🔍 [SOL/USDT] 当前 ADX: 12.94 | 设定阈值: 1 | 判定模式: 趋势
2026-02-12 21:32:21,510 [INFO] ✅  [买入信号] SOL/USDT | 模式: TREND_UP(ADX:12.9>1) | 价格: 81.26
2026-02-12 21:32:21,510 [ERROR] 运行异常: module 'config' has no attribute 'TRADE_AMOUNT_USDT'
2026-02-12 21:32:31,679 [INFO] 🔍 [BTC/USDT] 当前 ADX: 17.64 | 设定阈值: 99 | 判定模式: 震荡
2026-02-12 21:32:31,766 [INFO] 🔍 [ETH/USDT] 当前 ADX: 18.15 | 设定阈值: 25 | 判定模式: 震荡
2026-02-12 21:32:31,851 [INFO] 🔍 [SOL/USDT] 当前 ADX: 12.94 | 设定阈值: 1 | 判定模式: 趋势
2026-02-12 21:32:31,851 [INFO] ✅  [买入信号] SOL/USDT | 模式: TREND_UP(ADX:12.9>1) | 价格: 81.22
2026-02-12 21:32:31,852 [ERROR] 运行异常: module 'config' has no attribute 'TRADE_AMOUNT_USDT'
2026-02-12 21:40:35,402 [INFO] 🚀 模块化自适应交易系统已启动...
2026-02-12 21:40:40,835 [INFO] 🔍 [BTC/USDT] 当前 ADX: 17.64 | 设定阈值: 99 | 判定模式: 震荡
2026-02-12 21:40:40,920 [INFO] 🔍 [ETH/USDT] 当前 ADX: 18.15 | 设定阈值: 25 | 判定模式: 震荡
2026-02-12 21:40:41,006 [INFO] 🔍 [SOL/USDT] 当前 ADX: 12.94 | 设定阈值: 1 | 判定模式: 趋势
2026-02-12 21:40:41,007 [INFO] ✅  [买入信号] SOL/USDT | 模式: TREND_UP(ADX:12.9>1) | 价格: 81.58
